0 info it worked if it ends with ok
1 verbose cli [ 'node', '/usr/local/bin/npm', 'install', '-g', 'ionic' ]
2 info using npm@2.10.1
3 info using node@v0.12.4
4 verbose install initial load of /usr/local/lib/package.json
5 verbose readDependencies loading dependencies from /usr/local/lib/package.json
6 silly cache add args [ 'ionic', null ]
7 verbose cache add spec ionic
8 silly cache add parsed spec { raw: 'ionic',
8 silly cache add   scope: null,
8 silly cache add   name: 'ionic',
8 silly cache add   rawSpec: '',
8 silly cache add   spec: '*',
8 silly cache add   type: 'range' }
9 silly addNamed ionic@*
10 verbose addNamed "*" is a valid semver range for ionic
11 silly addNameRange { name: 'ionic', range: '*', hasData: false }
12 silly mapToRegistry name ionic
13 silly mapToRegistry using default registry
14 silly mapToRegistry registry https://registry.npmjs.org/
15 silly mapToRegistry uri https://registry.npmjs.org/ionic
16 verbose addNameRange registry:https://registry.npmjs.org/ionic not in flight; fetching
17 verbose request uri https://registry.npmjs.org/ionic
18 verbose request no auth needed
19 info attempt registry request try #1 at 5:23:19 PM
20 verbose request id 7dcba78c802bd741
21 http request GET https://registry.npmjs.org/ionic
22 http 200 https://registry.npmjs.org/ionic
23 silly get cb [ 200,
23 silly get   { server: 'CouchDB/1.5.0 (Erlang OTP/R16B03)',
23 silly get     etag: '"6PII78BB43TSAD8WRLFUS00I2"',
23 silly get     'content-type': 'application/json',
23 silly get     'cache-control': 'max-age=300',
23 silly get     'content-length': '664494',
23 silly get     'accept-ranges': 'bytes',
23 silly get     date: 'Sat, 23 Jan 2016 22:23:20 GMT',
23 silly get     via: '1.1 varnish',
23 silly get     age: '210',
23 silly get     connection: 'keep-alive',
23 silly get     'x-served-by': 'cache-atl6230-ATL',
23 silly get     'x-cache': 'HIT',
23 silly get     'x-cache-hits': '1',
23 silly get     'x-timer': 'S1453587800.873401,VS0,VE1',
23 silly get     vary: 'Accept' } ]
24 verbose get saving ionic to /Users/brandonlong/.npm/registry.npmjs.org/ionic/.cache.json
25 silly addNameRange number 2 { name: 'ionic', range: '*', hasData: true }
26 silly addNameRange versions [ 'ionic',
26 silly addNameRange   [ '0.9.6',
26 silly addNameRange     '0.9.8',
26 silly addNameRange     '0.9.9',
26 silly addNameRange     '0.9.10',
26 silly addNameRange     '0.9.11',
26 silly addNameRange     '0.9.12',
26 silly addNameRange     '0.9.13',
26 silly addNameRange     '0.9.14',
26 silly addNameRange     '0.9.15',
26 silly addNameRange     '0.9.16',
26 silly addNameRange     '1.0.0-beta.1',
26 silly addNameRange     '1.0.0-beta',
26 silly addNameRange     '1.0.1-beta',
26 silly addNameRange     '1.0.3-beta',
26 silly addNameRange     '1.0.4',
26 silly addNameRange     '1.0.5',
26 silly addNameRange     '1.0.6',
26 silly addNameRange     '1.0.7',
26 silly addNameRange     '1.0.8',
26 silly addNameRange     '1.0.9',
26 silly addNameRange     '1.0.10',
26 silly addNameRange     '1.0.11',
26 silly addNameRange     '1.0.12',
26 silly addNameRange     '1.0.13',
26 silly addNameRange     '1.0.14',
26 silly addNameRange     '1.0.15',
26 silly addNameRange     '1.0.16',
26 silly addNameRange     '1.0.17',
26 silly addNameRange     '1.1.0-beta1',
26 silly addNameRange     '1.1.0-beta2',
26 silly addNameRange     '1.1.0-beta3',
26 silly addNameRange     '1.1.0-beta4',
26 silly addNameRange     '1.1.0-beta5',
26 silly addNameRange     '1.1.0-beta6',
26 silly addNameRange     '1.1.0',
26 silly addNameRange     '1.1.1-beta1',
26 silly addNameRange     '1.1.1-beta2',
26 silly addNameRange     '1.1.1-beta3',
26 silly addNameRange     '1.1.1',
26 silly addNameRange     '1.1.3',
26 silly addNameRange     '1.1.4',
26 silly addNameRange     '1.1.5-beta1',
26 silly addNameRange     '1.1.5-beta2',
26 silly addNameRange     '1.1.5-beta3',
26 silly addNameRange     '1.1.5-beta4',
26 silly addNameRange     '1.1.5-beta5',
26 silly addNameRange     '1.1.5',
26 silly addNameRange     '1.1.6',
26 silly addNameRange     '1.1.7-beta1',
26 silly addNameRange     '1.1.7',
26 silly addNameRange     '1.1.8-beta1',
26 silly addNameRange     '1.1.8-beta2',
26 silly addNameRange     '1.1.8-beta3',
26 silly addNameRange     '1.1.8-beta4',
26 silly addNameRange     '1.1.8-beta5',
26 silly addNameRange     '1.1.8',
26 silly addNameRange     '1.1.9-beta1',
26 silly addNameRange     '1.1.9',
26 silly addNameRange     '1.1.10',
26 silly addNameRange     '1.1.11-beta1',
26 silly addNameRange     '1.1.11-beta2',
26 silly addNameRange     '1.1.11',
26 silly addNameRange     '1.1.12-beta1',
26 silly addNameRange     '1.1.12-beta2',
26 silly addNameRange     '1.1.12-beta3',
26 silly addNameRange     '1.1.12',
26 silly addNameRange     '1.1.13',
26 silly addNameRange     '1.1.14-beta1',
26 silly addNameRange     '1.1.14-beta2',
26 silly addNameRange     '1.1.14-beta3',
26 silly addNameRange     '1.2.0-beta1',
26 silly addNameRange     '1.2.0',
26 silly addNameRange     '1.2.1-beta1',
26 silly addNameRange     '1.2.1-beta2',
26 silly addNameRange     '1.2.1-beta3',
26 silly addNameRange     '1.2.1-beta4',
26 silly addNameRange     '1.2.1',
26 silly addNameRange     '1.2.2',
26 silly addNameRange     '1.2.3-beta1',
26 silly addNameRange     '1.2.3-beta2',
26 silly addNameRange     '1.2.3-beta3',
26 silly addNameRange     '1.2.3',
26 silly addNameRange     '1.2.4-beta1',
26 silly addNameRange     '1.2.4-beta2',
26 silly addNameRange     '1.2.4-beta3',
26 silly addNameRange     '1.2.4',
26 silly addNameRange     '1.2.5-beta1',
26 silly addNameRange     '1.2.5-beta2',
26 silly addNameRange     '1.2.5-beta3',
26 silly addNameRange     '1.2.5',
26 silly addNameRange     '1.2.6-beta1',
26 silly addNameRange     '1.2.6-beta2',
26 silly addNameRange     '1.2.6-beta3',
26 silly addNameRange     '1.2.6',
26 silly addNameRange     '1.2.7',
26 silly addNameRange     '1.2.8-beta1',
26 silly addNameRange     '1.2.8-beta2',
26 silly addNameRange     '1.2.8',
26 silly addNameRange     '1.2.9',
26 silly addNameRange     '1.2.10',
26 silly addNameRange     '1.2.11',
26 silly addNameRange     '1.2.12',
26 silly addNameRange     '1.2.13',
26 silly addNameRange     '1.2.14-beta1',
26 silly addNameRange     '1.2.14-beta2',
26 silly addNameRange     '1.2.14-beta3',
26 silly addNameRange     '1.2.14-beta4',
26 silly addNameRange     '1.2.14-beta5',
26 silly addNameRange     '1.2.14-beta6',
26 silly addNameRange     '1.2.14',
26 silly addNameRange     '1.3.0-beta1',
26 silly addNameRange     '1.3.0',
26 silly addNameRange     '1.3.1',
26 silly addNameRange     '1.3.2',
26 silly addNameRange     '1.3.3',
26 silly addNameRange     '1.3.4',
26 silly addNameRange     '1.3.5',
26 silly addNameRange     '1.3.6',
26 silly addNameRange     '1.3.7',
26 silly addNameRange     '1.3.8',
26 silly addNameRange     '1.3.9',
26 silly addNameRange     '1.3.10',
26 silly addNameRange     '1.4.0-alpha.1',
26 silly addNameRange     '1.3.11',
26 silly addNameRange     '1.3.1-1.alpha.0',
26 silly addNameRange     '1.4.0-alpha.2',
26 silly addNameRange     '1.3.12',
26 silly addNameRange     '1.3.12-beta.1',
26 silly addNameRange     '1.3.12-beta.2',
26 silly addNameRange     '1.3.13-beta.0',
26 silly addNameRange     '1.3.1-3.beta.1',
26 silly addNameRange     '1.3.1-3.beta.2',
26 silly addNameRange     '1.3.13',
26 silly addNameRange     '1.3.1-3.beta.4',
26 silly addNameRange     '1.3.14-beta',
26 silly addNameRange     '1.3.14-beta.1',
26 silly addNameRange     '1.4.0-alpha.3',
26 silly addNameRange     '1.3.14',
26 silly addNameRange     '1.4.0-alpha.4',
26 silly addNameRange     '1.4.0-alpha.5',
26 silly addNameRange     '1.3.15-beta.0',
26 silly addNameRange     '1.3.15-beta.1',
26 silly addNameRange     '1.3.15-beta.2',
26 silly addNameRange     '1.3.15-beta.3',
26 silly addNameRange     '1.3.15-beta.4',
26 silly addNameRange     '1.3.15',
26 silly addNameRange     '1.3.16',
26 silly addNameRange     '1.4.0-alpha.6',
26 silly addNameRange     '1.3.17-beta.0',
26 silly addNameRange     '1.3.17-beta.1',
26 silly addNameRange     '1.3.17-beta.2',
26 silly addNameRange     '1.3.17-beta.3',
26 silly addNameRange     '1.3.1-7.beta.4',
26 silly addNameRange     '1.3.17',
26 silly addNameRange     '1.3.18-beta.0',
26 silly addNameRange     '1.3.18-beta.1',
26 silly addNameRange     '1.3.18-beta.2',
26 silly addNameRange     '1.3.18-beta.3',
26 silly addNameRange     '1.3.18',
26 silly addNameRange     '1.3.19-beta.0',
26 silly addNameRange     '1.3.19-beta.1',
26 silly addNameRange     '1.3.19-beta.2',
26 silly addNameRange     '1.3.19-beta.3',
26 silly addNameRange     '1.3.19-beta.4',
26 silly addNameRange     '1.3.19',
26 silly addNameRange     '1.3.20',
26 silly addNameRange     '1.4.1-beta.0',
26 silly addNameRange     '1.4.0-beta.1',
26 silly addNameRange     '1.4.0-beta.2',
26 silly addNameRange     '1.4.0-beta.3',
26 silly addNameRange     '1.4.0-beta.5',
26 silly addNameRange     '1.4.0-beta.6',
26 silly addNameRange     '1.4.0-beta.7',
26 silly addNameRange     '1.3.21-beta.0',
26 silly addNameRange     '1.3.21-beta.1',
26 silly addNameRange     '1.3.21',
26 silly addNameRange     '1.3.22',
26 silly addNameRange     '1.4.0-beta.8',
26 silly addNameRange     '1.4.0-beta.9',
26 silly addNameRange     '1.4.0-beta.10',
26 silly addNameRange     '1.4.0-beta.11',
26 silly addNameRange     '1.4.0-beta.12',
26 silly addNameRange     '1.4.0-beta.13',
26 silly addNameRange     '1.4.0-beta.14',
26 silly addNameRange     '1.4.0-beta.15',
26 silly addNameRange     '1.4.0-beta.16',
26 silly addNameRange     '1.4.0-beta.17',
26 silly addNameRange     '1.4.0-beta.18',
26 silly addNameRange     '1.4.0',
26 silly addNameRange     '1.4.1',
26 silly addNameRange     '1.4.2',
26 silly addNameRange     '1.4.3',
26 silly addNameRange     '1.4.4-beta.0',
26 silly addNameRange     '1.4.4-beta.2',
26 silly addNameRange     '1.4.4',
26 silly addNameRange     '1.4.5-beta.0',
26 silly addNameRange     '1.4.5-beta.1',
26 silly addNameRange     '1.4.5-beta.2',
26 silly addNameRange     '1.4.5-beta.3',
26 silly addNameRange     '1.4.5',
26 silly addNameRange     '1.4.6-beta.0',
26 silly addNameRange     '1.4.6',
26 silly addNameRange     '1.4.7',
26 silly addNameRange     '1.4.8',
26 silly addNameRange     '1.5.0-beta.0',
26 silly addNameRange     '1.5.0-beta.1',
26 silly addNameRange     '1.5.0',
26 silly addNameRange     '1.5.1-beta.0',
26 silly addNameRange     '1.5.1-beta.1',
26 silly addNameRange     '1.5.1-beta.2',
26 silly addNameRange     '1.5.1-beta.3',
26 silly addNameRange     '1.5.1-beta.4',
26 silly addNameRange     '1.5.1',
26 silly addNameRange     '1.5.2',
26 silly addNameRange     '1.5.3',
26 silly addNameRange     '1.5.4',
26 silly addNameRange     '1.5.5',
26 silly addNameRange     '1.6.0-beta.1',
26 silly addNameRange     '1.6.0',
26 silly addNameRange     '1.6.1',
26 silly addNameRange     '1.6.2-beta.0',
26 silly addNameRange     '1.6.2-beta.1',
26 silly addNameRange     '1.6.2-beta.2',
26 silly addNameRange     '1.6.2',
26 silly addNameRange     '1.6.3-beta.0',
26 silly addNameRange     '1.6.3-beta.1',
26 silly addNameRange     '1.6.3',
26 silly addNameRange     '1.6.4-beta.0',
26 silly addNameRange     '1.6.4-beta.1',
26 silly addNameRange     '1.6.4',
26 silly addNameRange     '1.7.0-beta.0',
26 silly addNameRange     '1.7.0-beta.1',
26 silly addNameRange     '1.7.0-beta.2',
26 silly addNameRange     '1.7.0-beta.3',
26 silly addNameRange     '2.0.0-alpha.1',
26 silly addNameRange     '2.0.0-alpha.3',
26 silly addNameRange     '1.7.0-beta.4',
26 silly addNameRange     '1.6.5-testing.0',
26 silly addNameRange     '1.6.5-testing.1',
26 silly addNameRange     '1.6.5-testing.2',
26 silly addNameRange     '1.6.5-testing.3',
26 silly addNameRange     '1.6.5',
26 silly addNameRange     '2.0.0-alpha.4',
26 silly addNameRange     '1.7.0-beta.5',
26 silly addNameRange     '1.7.0-beta.6',
26 silly addNameRange     '1.7.0',
26 silly addNameRange     '2.0.0-alpha.5',
26 silly addNameRange     '2.0.0-alpha.6',
26 silly addNameRange     '1.7.1',
26 silly addNameRange     '2.0.0-alpha.7',
26 silly addNameRange     '2.0.0-alpha.8',
26 silly addNameRange     '1.7.2',
26 silly addNameRange     '1.7.3',
26 silly addNameRange     '1.7.4',
26 silly addNameRange     '1.7.5',
26 silly addNameRange     '1.7.6',
26 silly addNameRange     '1.7.7-beta.0',
26 silly addNameRange     '2.0.0-alpha.9',
26 silly addNameRange     '1.7.7',
26 silly addNameRange     '2.0.0-alpha.10',
26 silly addNameRange     '2.0.0-alpha.11',
26 silly addNameRange     '2.0.0-alpha.12',
26 silly addNameRange     '2.0.0-alpha.13',
26 silly addNameRange     '2.0.0-alpha.14',
26 silly addNameRange     '2.0.0-alpha.15',
26 silly addNameRange     '2.0.0-alpha.16',
26 silly addNameRange     '2.0.0-alpha.17',
26 silly addNameRange     '2.0.0-alpha.18',
26 silly addNameRange     '1.7.8-beta.0',
26 silly addNameRange     '1.7.8-beta.1',
26 silly addNameRange     '1.7.8-beta.2',
26 silly addNameRange     '1.7.8-beta.3',
26 silly addNameRange     '1.7.8',
26 silly addNameRange     '2.0.0-alpha.19',
26 silly addNameRange     '2.0.0-alpha.20',
26 silly addNameRange     '2.0.0-alpha.21',
26 silly addNameRange     '2.0.0-alpha.22',
26 silly addNameRange     '2.0.0-alpha.23',
26 silly addNameRange     '1.7.9',
26 silly addNameRange     '1.7.10',
26 silly addNameRange     '2.0.0-alpha.24',
26 silly addNameRange     '2.0.0-alpha.25',
26 silly addNameRange     '2.0.0-beta.1',
26 silly addNameRange     '1.7.11',
26 silly addNameRange     '2.0.0-beta.2',
26 silly addNameRange     '2.0.0-beta.3',
26 silly addNameRange     '2.0.0-beta.4',
26 silly addNameRange     '2.0.0-beta.5',
26 silly addNameRange     '2.0.0-beta.6',
26 silly addNameRange     '2.0.0-beta.7',
26 silly addNameRange     '2.0.0-beta.8',
26 silly addNameRange     '2.0.0-beta.9',
26 silly addNameRange     '2.0.0-beta.10',
26 silly addNameRange     '2.0.0-beta.11',
26 silly addNameRange     '1.7.12',
26 silly addNameRange     '2.0.0-beta.12',
26 silly addNameRange     '2.0.0-beta.13',
26 silly addNameRange     '2.0.0-beta.14',
26 silly addNameRange     '2.0.0-beta.15',
26 silly addNameRange     '2.0.0-beta.16',
26 silly addNameRange     '2.0.0-beta.17',
26 silly addNameRange     '1.7.13' ] ]
27 silly addNamed ionic@1.7.13
28 verbose addNamed "1.7.13" is a plain semver version for ionic
29 silly mapToRegistry name ionic
30 silly mapToRegistry using default registry
31 silly mapToRegistry registry https://registry.npmjs.org/
32 silly mapToRegistry uri https://registry.npmjs.org/ionic
33 verbose addRemoteTarball https://registry.npmjs.org/ionic/-/ionic-1.7.13.tgz not in flight; adding
34 verbose addRemoteTarball [ 'https://registry.npmjs.org/ionic/-/ionic-1.7.13.tgz',
34 verbose addRemoteTarball   '0a16c0aea3280acd406938d31165fc0f2d258e06' ]
35 info retry fetch attempt 1 at 5:23:20 PM
36 info attempt registry request try #1 at 5:23:20 PM
37 http fetch GET https://registry.npmjs.org/ionic/-/ionic-1.7.13.tgz
38 http fetch 200 https://registry.npmjs.org/ionic/-/ionic-1.7.13.tgz
39 silly fetchAndShaCheck shasum 0a16c0aea3280acd406938d31165fc0f2d258e06
40 verbose addTmpTarball /var/folders/7s/n5hvz77x0fl5_c96bqcwk_3h0000gn/T/npm-24083-9f556dbf/registry.npmjs.org/ionic/-/ionic-1.7.13.tgz not in flight; adding
41 verbose addTmpTarball already have metadata; skipping unpack for ionic@1.7.13
42 silly cache afterAdd ionic@1.7.13
43 verbose afterAdd /Users/brandonlong/.npm/ionic/1.7.13/package/package.json not in flight; writing
44 verbose afterAdd /Users/brandonlong/.npm/ionic/1.7.13/package/package.json written
45 silly install resolved [ { name: 'ionic',
45 silly install resolved     version: '1.7.13',
45 silly install resolved     preferGlobal: true,
45 silly install resolved     description: 'A tool for creating and developing Ionic Framework mobile apps.',
45 silly install resolved     homepage: 'http://ionicframework.com/',
45 silly install resolved     bin: { ionic: 'bin/ionic' },
45 silly install resolved     scripts:
45 silly install resolved      { bump: 'node lib/tasks/bumpversion',
45 silly install resolved        'beta-bump': 'node lib/tasks/bumpversion --level pre --identifier beta',
45 silly install resolved        'publish-release': 'node lib/tasks/bumpversion --npmPublish',
45 silly install resolved        'publish-tag': 'node lib/tasks/bumpversion --level beta --npmPublishTag',
45 silly install resolved        'full-release': 'node lib/tasks/bumpversion --npmInstall --git --npmPublish',
45 silly install resolved        test: 'npm run jasmine',
45 silly install resolved        e2e: 'jasmine-node --captureExceptions ./e2e',
45 silly install resolved        jasmine: 'jasmine-node --captureExceptions  ./spec' },
45 silly install resolved     keywords:
45 silly install resolved      [ 'ionic',
45 silly install resolved        'ionic framework',
45 silly install resolved        'ionicframework',
45 silly install resolved        'mobile',
45 silly install resolved        'app',
45 silly install resolved        'hybrid',
45 silly install resolved        'cordova',
45 silly install resolved        'phonegap' ],
45 silly install resolved     repository:
45 silly install resolved      { type: 'git',
45 silly install resolved        url: 'git+https://github.com/driftyco/ionic-cli.git' },
45 silly install resolved     contributors: [ [Object], [Object], [Object], [Object] ],
45 silly install resolved     license: 'MIT',
45 silly install resolved     dependencies:
45 silly install resolved      { async: '^0.9.0',
45 silly install resolved        cheerio: '^0.19.0',
45 silly install resolved        'cli-table': '^0.3.1',
45 silly install resolved        colors: '0.6.2',
45 silly install resolved        connect: '3.1.1',
45 silly install resolved        'connect-livereload': '0.5.2',
45 silly install resolved        crc: '3.2.1',
45 silly install resolved        'cross-spawn': '0.2.3',
45 silly install resolved        'event-stream': '3.0.x',
45 silly install resolved        'expand-tilde': '^1.2.0',
45 silly install resolved        finalhandler: '0.2.0',
45 silly install resolved        'form-data': '0.1.4',
45 silly install resolved        gulp: '3.8.8',
45 silly install resolved        'ionic-app-lib': '0.6.5',
45 silly install resolved        moment: '^2.10.6',
45 silly install resolved        ncp: '0.4.2',
45 silly install resolved        npm: '2.1.3',
45 silly install resolved        open: '0.0.5',
45 silly install resolved        optimist: '0.6.0',
45 silly install resolved        progress: '1.1.7',
45 silly install resolved        prompt: '0.2.12',
45 silly install resolved        'proxy-middleware': '^0.7.0',
45 silly install resolved        q: '1.0.1',
45 silly install resolved        request: '2.51.0',
45 silly install resolved        semver: '^4.2.0',
45 silly install resolved        'serve-static': '1.7.1',
45 silly install resolved        shelljs: '0.2.6',
45 silly install resolved        'tiny-lr-fork': '0.0.5',
45 silly install resolved        underscore: '~1.7.0',
45 silly install resolved        unzip: '0.1.9',
45 silly install resolved        'vinyl-fs': '0.3.7',
45 silly install resolved        xml2js: '0.4.4' },
45 silly install resolved     devDependencies: { 'jasmine-node': '^1.14.5', rewire: '^2.3.4' },
45 silly install resolved     gitHead: 'fec24f7eecdc02d536fc62f5eb27b93084127001',
45 silly install resolved     bugs: { url: 'https://github.com/driftyco/ionic-cli/issues' },
45 silly install resolved     bundleDependencies:
45 silly install resolved      [ 'async',
45 silly install resolved        'cheerio',
45 silly install resolved        'cli-table',
45 silly install resolved        'colors',
45 silly install resolved        'connect',
45 silly install resolved        'connect-livereload',
45 silly install resolved        'crc',
45 silly install resolved        'cross-spawn',
45 silly install resolved        'event-stream',
45 silly install resolved        'expand-tilde',
45 silly install resolved        'finalhandler',
45 silly install resolved        'form-data',
45 silly install resolved        'gulp',
45 silly install resolved        'ionic-app-lib',
45 silly install resolved        'moment',
45 silly install resolved        'ncp',
45 silly install resolved        'npm',
45 silly install resolved        'open',
45 silly install resolved        'optimist',
45 silly install resolved        'progress',
45 silly install resolved        'prompt',
45 silly install resolved        'proxy-middleware',
45 silly install resolved        'q',
45 silly install resolved        'request',
45 silly install resolved        'semver',
45 silly install resolved        'serve-static',
45 silly install resolved        'shelljs',
45 silly install resolved        'tiny-lr-fork',
45 silly install resolved        'underscore',
45 silly install resolved        'unzip',
45 silly install resolved        'vinyl-fs',
45 silly install resolved        'xml2js' ],
45 silly install resolved     _id: 'ionic@1.7.13',
45 silly install resolved     _shasum: '0a16c0aea3280acd406938d31165fc0f2d258e06',
45 silly install resolved     _from: 'ionic@*',
45 silly install resolved     _npmVersion: '2.10.1',
45 silly install resolved     _nodeVersion: '0.12.4',
45 silly install resolved     _npmUser: { name: 'tlancina', email: 'tim@ionic.io' },
45 silly install resolved     dist:
45 silly install resolved      { shasum: '0a16c0aea3280acd406938d31165fc0f2d258e06',
45 silly install resolved        tarball: 'http://registry.npmjs.org/ionic/-/ionic-1.7.13.tgz' },
45 silly install resolved     maintainers: [ [Object], [Object], [Object], [Object], [Object] ],
45 silly install resolved     directories: {},
45 silly install resolved     _resolved: 'https://registry.npmjs.org/ionic/-/ionic-1.7.13.tgz' } ]
46 info install ionic@1.7.13 into /usr/local/lib
47 info installOne ionic@1.7.13
48 verbose installOne of ionic to /usr/local/lib not in flight; installing
49 verbose lock using /Users/brandonlong/.npm/_locks/ionic-61c0cd50dc7a1457.lock for /usr/local/lib/node_modules/ionic
50 silly install write writing ionic 1.7.13 to /usr/local/lib/node_modules/ionic
51 verbose unbuild lib/node_modules/ionic
52 info preuninstall ionic@1.5.5
53 info uninstall ionic@1.5.5
54 verbose unbuild rmStuff ionic@1.5.5 from /usr/local/lib/node_modules
55 silly gentlyRm /usr/local/bin/ionic is being gently removed
56 silly gentlyRm verifying /usr/local is an npm working directory
57 silly gentlyRm containing path /usr/local is under npm's control, in /usr/local
58 silly gentlyRm deletion target /usr/local/bin/ionic is under /usr/local
59 verbose gentlyRm vacuuming from /usr/local/bin/ionic up to /usr/local
60 silly vacuum-fs removing /usr/local/bin/ionic
61 verbose unlock done using /Users/brandonlong/.npm/_locks/ionic-61c0cd50dc7a1457.lock for /usr/local/lib/node_modules/ionic
62 verbose stack Error: EACCES, unlink '/usr/local/bin/ionic'
62 verbose stack     at Error (native)
63 verbose cwd /Users/brandonlong/Google Drive/Dev Stuff/ParkAppLayout/ParkApp
64 error Darwin 15.2.0
65 error argv "node" "/usr/local/bin/npm" "install" "-g" "ionic"
66 error node v0.12.4
67 error npm  v2.10.1
68 error path /usr/local/bin/ionic
69 error code EACCES
70 error errno -13
71 error Error: EACCES, unlink '/usr/local/bin/ionic'
71 error     at Error (native)
71 error  { [Error: EACCES, unlink '/usr/local/bin/ionic'] errno: -13, code: 'EACCES', path: '/usr/local/bin/ionic' }
72 error Please try running this command again as root/Administrator.
73 verbose exit [ -13, true ]
74 verbose unbuild lib/node_modules/ionic
75 info preuninstall ionic@1.5.5
76 info uninstall ionic@1.5.5
77 verbose unbuild rmStuff ionic@1.5.5 from /usr/local/lib/node_modules
78 silly gentlyRm /usr/local/bin/ionic is being gently removed
79 silly gentlyRm verifying /usr/local is an npm working directory
80 silly gentlyRm containing path /usr/local is under npm's control, in /usr/local
81 silly gentlyRm deletion target /usr/local/bin/ionic is under /usr/local
82 verbose gentlyRm vacuuming from /usr/local/bin/ionic up to /usr/local
83 silly vacuum-fs removing /usr/local/bin/ionic
84 error error rolling back Error: EACCES, unlink '/usr/local/bin/ionic'
84 error error rolling back     at Error (native)
84 error error rolling back  { [Error: EACCES, unlink '/usr/local/bin/ionic'] errno: -13, code: 'EACCES', path: '/usr/local/bin/ionic' }
