2015-06-04 22:08:11.092 ParkApp[2962:319230] DiskCookieStorage changing policy from 2 to 0, cookie file: file:///Users/brandonlong/Library/Developer/CoreSimulator/Devices/168C0D95-C3FD-4FC4-AF37-8BE41F3365FA/data/Containers/Data/Application/1D669B97-C650-437F-B5EE-1378A402AA26/Library/Cookies/Cookies.binarycookies
2015-06-04 22:08:11.509 ParkApp[2962:319230] Apache Cordova native platform version 3.8.0 is starting.
2015-06-04 22:08:11.509 ParkApp[2962:319230] Multi-tasking -> Device: YES, App: YES
2015-06-04 22:08:11.531 ParkApp[2962:319230] Unlimited access to network resources
2015-06-04 22:08:11.967 ParkApp[2962:319230] [CDVTimer][keyboard] 0.113964ms
2015-06-04 22:08:12.188 ParkApp[2962:319230] [CDVTimer][splashscreen] 220.730007ms
2015-06-04 22:08:12.188 ParkApp[2962:319230] [CDVTimer][TotalPluginStartup] 221.592009ms
2015-06-04 22:08:12.702 ParkApp[2962:319230] Resetting plugins due to page load.
2015-06-04 22:08:13.059 ParkApp[2962:319230] Finished load of: file:///Users/brandonlong/Library/Developer/CoreSimulator/Devices/168C0D95-C3FD-4FC4-AF37-8BE41F3365FA/data/Containers/Bundle/Application/36A1DE77-51EC-4FE1-AFA8-1BFB9D0C4149/ParkApp.app/www/index.html#/tab/dash
2015-06-06 15:29:16.013 ParkApp[10780:864837] DiskCookieStorage changing policy from 2 to 0, cookie file: file:///Users/brandonlong/Library/Developer/CoreSimulator/Devices/168C0D95-C3FD-4FC4-AF37-8BE41F3365FA/data/Containers/Data/Application/68AAD465-FD4C-4149-BA01-32CDFE9A4E00/Library/Cookies/Cookies.binarycookies
2015-06-06 15:29:16.424 ParkApp[10780:864837] Apache Cordova native platform version 3.8.0 is starting.
2015-06-06 15:29:16.425 ParkApp[10780:864837] Multi-tasking -> Device: YES, App: YES
2015-06-06 15:29:16.444 ParkApp[10780:864837] Unlimited access to network resources
2015-06-06 15:29:16.861 ParkApp[10780:864837] [CDVTimer][keyboard] 0.104010ms
2015-06-06 15:29:17.091 ParkApp[10780:864837] [CDVTimer][splashscreen] 230.535030ms
2015-06-06 15:29:17.114 ParkApp[10780:864837] [CDVTimer][file] 22.001028ms
2015-06-06 15:29:17.114 ParkApp[10780:864837] [CDVTimer][TotalPluginStartup] 253.791988ms
2015-06-06 15:29:17.349 ParkApp[10780:864837] Resetting plugins due to page load.
2015-06-06 15:29:17.854 ParkApp[10780:864837] Finished load of: file:///Users/brandonlong/Library/Developer/CoreSimulator/Devices/168C0D95-C3FD-4FC4-AF37-8BE41F3365FA/data/Containers/Bundle/Application/DFCFCDFD-06F1-4E45-A303-BD8BE0A55C7C/ParkApp.app/www/index.html#/tab/home
2015-06-06 15:32:17.508 ParkApp[10780:866425] Terminating since there is no system app.
2015-06-06 15:52:14.347 ParkApp[11386:881670] DiskCookieStorage changing policy from 2 to 0, cookie file: file:///Users/brandonlong/Library/Developer/CoreSimulator/Devices/168C0D95-C3FD-4FC4-AF37-8BE41F3365FA/data/Containers/Data/Application/C4C86145-EB5E-4323-8FB1-D725FFFE1ACA/Library/Cookies/Cookies.binarycookies
2015-06-06 15:52:14.745 ParkApp[11386:881670] Apache Cordova native platform version 3.8.0 is starting.
2015-06-06 15:52:14.746 ParkApp[11386:881670] Multi-tasking -> Device: YES, App: YES
2015-06-06 15:52:14.763 ParkApp[11386:881670] Unlimited access to network resources
2015-06-06 15:52:15.202 ParkApp[11386:881670] [CDVTimer][keyboard] 0.069022ms
2015-06-06 15:52:15.406 ParkApp[11386:881670] [CDVTimer][splashscreen] 204.349041ms
2015-06-06 15:52:15.421 ParkApp[11386:881670] [CDVTimer][file] 14.900029ms
2015-06-06 15:52:15.422 ParkApp[11386:881670] [CDVTimer][TotalPluginStartup] 220.223963ms
2015-06-06 15:52:15.620 ParkApp[11386:881670] Resetting plugins due to page load.
2015-06-06 15:52:16.018 ParkApp[11386:881670] Finished load of: file:///Users/brandonlong/Library/Developer/CoreSimulator/Devices/168C0D95-C3FD-4FC4-AF37-8BE41F3365FA/data/Containers/Bundle/Application/B0555E1C-11A8-4464-9138-A1E6FE7F541D/ParkApp.app/www/index.html#/tab/home
